<?xml version="1.0" encoding="UTF-8"?>
<!-- Generated by org.testng.reporters.JUnitReportReporter -->
<testsuite hostname="QAs-Mac-mini.local" name="privacyPolicy.PrivacyPolicy" tests="1" failures="0" timestamp="11 Dec 2015 04:34:35 GMT" time="99.346" errors="0">
  <testcase name="CheckPrivacyPolicyLoaded" time="99.346" classname="privacyPolicy.PrivacyPolicy"/>
</testsuite> <!-- privacyPolicy.PrivacyPolicy -->
