<?xml version="1.0" encoding="UTF-8"?>
<!-- Generated by org.testng.reporters.JUnitReportReporter -->
<testsuite hostname="QAs-Mac-mini.local" name="kidDetails.KidsSelection" tests="3" failures="0" timestamp="11 Dec 2015 04:34:35 GMT" time="102.253" errors="0">
  <testcase name="SelectThirdKid" time="3.691" classname="kidDetails.KidsSelection"/>
  <testcase name="SelectSecondKid" time="3.802" classname="kidDetails.KidsSelection"/>
  <testcase name="SelectFirstKid" time="94.760" classname="kidDetails.KidsSelection"/>
</testsuite> <!-- kidDetails.KidsSelection -->
