<?xml version="1.0" encoding="UTF-8"?>
<!-- Generated by org.testng.reporters.JUnitReportReporter -->
<testsuite hostname="QAs-Mac-mini.local" name="signUp.SignUp" tests="1" failures="0" timestamp="11 Dec 2015 04:34:35 GMT" time="3.824" errors="0">
  <testcase name="getStarted" time="3.824" classname="signUp.SignUp"/>
</testsuite> <!-- signUp.SignUp -->
