<?xml version="1.0" encoding="UTF-8"?>
<!-- Generated by org.testng.reporters.JUnitReportReporter -->
<testsuite hostname="QAs-Mac-mini.local" name="termsOfUse.TermsOfUse" tests="1" failures="0" timestamp="11 Dec 2015 04:34:35 GMT" time="187.444" errors="0">
  <testcase name="checkTermsOfUse" time="187.444" classname="termsOfUse.TermsOfUse"/>
</testsuite> <!-- termsOfUse.TermsOfUse -->
