<?xml version="1.0" encoding="UTF-8"?>
<!-- Generated by org.testng.reporters.JUnitReportReporter -->
<testsuite hostname="QAs-Mac-mini.local" name="signIn.SignIn" tests="1" failures="0" timestamp="11 Dec 2015 04:34:35 GMT" time="101.929" errors="0">
  <testcase name="signIn" time="101.929" classname="signIn.SignIn"/>
</testsuite> <!-- signIn.SignIn -->
